2026-01-28 00:41:10 [background-preinit] INFO  o.h.validator.internal.util.Version - HV000001: Hibernate Validator 8.0.1.Final
2026-01-28 00:41:10 [main] INFO  d.ait.patientcare.PatientCareApplication - Starting PatientCareApplication using Java 23.0.1 with PID 18952 (C:\Users\Asus\Documents\AIT\BackendPro\lessons\09_57-59_Startup_game\PatientCare\target\classes started by Asus in C:\Users\Asus\Documents\AIT\BackendPro\lessons\09_57-59_Startup_game\PatientCare)
2026-01-28 00:41:10 [main] DEBUG d.ait.patientcare.PatientCareApplication - Running with Spring Boot v3.2.2, Spring v6.1.3
2026-01-28 00:41:10 [main] INFO  d.ait.patientcare.PatientCareApplication - No active profile set, falling back to 1 default profile: "default"
2026-01-28 00:41:12 [main] INFO  o.s.d.r.c.RepositoryConfigurationDelegate - Bootstrapping Spring Data JPA repositories in DEFAULT mode.
2026-01-28 00:41:12 [main] INFO  o.s.d.r.c.RepositoryConfigurationDelegate - Finished Spring Data repository scanning in 77 ms. Found 1 JPA repository interface.
2026-01-28 00:41:13 [main] INFO  o.s.b.w.embedded.tomcat.TomcatWebServer - Tomcat initialized with port 8080 (http)
2026-01-28 00:41:13 [main] INFO  o.apache.coyote.http11.Http11NioProtocol - Initializing ProtocolHandler ["http-nio-8080"]
2026-01-28 00:41:13 [main] INFO  o.apache.catalina.core.StandardService - Starting service [Tomcat]
2026-01-28 00:41:13 [main] INFO  org.apache.catalina.core.StandardEngine - Starting Servlet engine: [Apache Tomcat/10.1.18]
2026-01-28 00:41:13 [main] INFO  o.a.c.c.C.[Tomcat].[localhost].[/] - Initializing Spring embedded WebApplicationContext
2026-01-28 00:41:13 [main] INFO  o.s.b.w.s.c.ServletWebServerApplicationContext - Root WebApplicationContext: initialization completed in 2284 ms
2026-01-28 00:41:13 [main] INFO  com.zaxxer.hikari.HikariDataSource - HikariPool-1 - Starting...
2026-01-28 00:41:13 [main] INFO  com.zaxxer.hikari.pool.HikariPool - HikariPool-1 - Added connection conn0: url=jdbc:h2:file:./data/patientcare user=SA
2026-01-28 00:41:13 [main] INFO  com.zaxxer.hikari.HikariDataSource - HikariPool-1 - Start completed.
2026-01-28 00:41:13 [main] INFO  o.s.b.a.h2.H2ConsoleAutoConfiguration - H2 console available at '/h2-console'. Database available at 'jdbc:h2:file:./data/patientcare'
2026-01-28 00:41:14 [main] INFO  liquibase.database - Set default schema name to PUBLIC
2026-01-28 00:41:14 [main] INFO  liquibase.changelog - Creating database history table with name: PUBLIC.DATABASECHANGELOG
2026-01-28 00:41:14 [main] INFO  liquibase.changelog - Reading from PUBLIC.DATABASECHANGELOG
2026-01-28 00:41:15 [main] INFO  liquibase.lockservice - Changelog-Protokoll erfolgreich gesperrt.
2026-01-28 00:41:15 [main] INFO  liquibase.command - Using deploymentId: 9557275102
2026-01-28 00:41:15 [main] INFO  liquibase.changelog - Reading from PUBLIC.DATABASECHANGELOG
2026-01-28 00:41:15 [main] INFO  liquibase.changelog - Table patients created
2026-01-28 00:41:15 [main] INFO  liquibase.changelog - ChangeSet db/changelog/001-create-patients-table.xml::001-create-patients-table::TetianaAnufriieva ran successfully in 24ms
2026-01-28 00:41:15 [main] INFO  liquibase.util - UPDATE SUMMARY
2026-01-28 00:41:15 [main] INFO  liquibase.util - Run:                          1
2026-01-28 00:41:15 [main] INFO  liquibase.util - Previously run:               0
2026-01-28 00:41:15 [main] INFO  liquibase.util - Filtered out:                 1
2026-01-28 00:41:15 [main] INFO  liquibase.util - -------------------------------
2026-01-28 00:41:15 [main] INFO  liquibase.util - Total change sets:            2
2026-01-28 00:41:15 [main] INFO  liquibase.util - FILTERED CHANGE SETS SUMMARY
2026-01-28 00:41:15 [main] INFO  liquibase.util - Context mismatch:             1
2026-01-28 00:41:15 [main] INFO  liquibase.util - Update summary generated
2026-01-28 00:41:15 [main] INFO  liquibase.command - Update command completed successfully.
2026-01-28 00:41:15 [main] INFO  liquibase.lockservice - Successfully released change log lock
2026-01-28 00:41:15 [main] INFO  liquibase.command - Command execution complete
2026-01-28 00:41:15 [main] INFO  o.hibernate.jpa.internal.util.LogHelper - HHH000204: Processing PersistenceUnitInfo [name: default]
2026-01-28 00:41:15 [main] INFO  org.hibernate.Version - HHH000412: Hibernate ORM core version 6.4.1.Final
2026-01-28 00:41:15 [main] INFO  o.h.c.internal.RegionFactoryInitiator - HHH000026: Second-level cache disabled
2026-01-28 00:41:15 [main] INFO  o.s.o.j.p.SpringPersistenceUnitInfo - No LoadTimeWeaver setup: ignoring JPA class transformer
2026-01-28 00:41:17 [main] INFO  o.h.e.t.j.p.i.JtaPlatformInitiator - HHH000489: No JTA platform available (set 'hibernate.transaction.jta.platform' to enable JTA platform integration)
2026-01-28 00:41:17 [main] INFO  o.s.o.j.LocalContainerEntityManagerFactoryBean - Initialized JPA EntityManagerFactory for persistence unit 'default'
2026-01-28 00:41:18 [main] INFO  o.s.d.j.r.query.QueryEnhancerFactory - Hibernate is in classpath; If applicable, HQL parser will be used.
2026-01-28 00:41:19 [main] WARN  o.s.b.a.o.j.JpaBaseConfiguration$JpaWebConfiguration - spring.jpa.open-in-view is enabled by default. Therefore, database queries may be performed during view rendering. Explicitly configure spring.jpa.open-in-view to disable this warning
2026-01-28 00:41:19 [main] INFO  o.apache.coyote.http11.Http11NioProtocol - Starting ProtocolHandler ["http-nio-8080"]
2026-01-28 00:41:19 [main] INFO  o.s.b.w.embedded.tomcat.TomcatWebServer - Tomcat started on port 8080 (http) with context path ''
2026-01-28 00:41:19 [main] INFO  d.ait.patientcare.PatientCareApplication - Started PatientCareApplication in 10.071 seconds (process running for 11.611)
2026-01-28 00:41:34 [SpringApplicationShutdownHook] INFO  o.s.o.j.LocalContainerEntityManagerFactoryBean - Closing JPA EntityManagerFactory for persistence unit 'default'
2026-01-28 00:41:34 [SpringApplicationShutdownHook] INFO  com.zaxxer.hikari.HikariDataSource - HikariPool-1 - Shutdown initiated...
2026-01-28 00:41:34 [SpringApplicationShutdownHook] INFO  com.zaxxer.hikari.HikariDataSource - HikariPool-1 - Shutdown completed.
2026-01-28 00:41:57 [background-preinit] INFO  o.h.validator.internal.util.Version - HV000001: Hibernate Validator 8.0.1.Final
2026-01-28 00:41:58 [main] INFO  d.ait.patientcare.PatientCareApplication - Starting PatientCareApplication using Java 23.0.1 with PID 10972 (C:\Users\Asus\Documents\AIT\BackendPro\lessons\09_57-59_Startup_game\PatientCare\target\classes started by Asus in C:\Users\Asus\Documents\AIT\BackendPro\lessons\09_57-59_Startup_game\PatientCare)
2026-01-28 00:41:58 [main] DEBUG d.ait.patientcare.PatientCareApplication - Running with Spring Boot v3.2.2, Spring v6.1.3
2026-01-28 00:41:58 [main] INFO  d.ait.patientcare.PatientCareApplication - No active profile set, falling back to 1 default profile: "default"
2026-01-28 00:42:00 [main] INFO  o.s.d.r.c.RepositoryConfigurationDelegate - Bootstrapping Spring Data JPA repositories in DEFAULT mode.
2026-01-28 00:42:00 [main] INFO  o.s.d.r.c.RepositoryConfigurationDelegate - Finished Spring Data repository scanning in 128 ms. Found 1 JPA repository interface.
2026-01-28 00:42:01 [main] INFO  o.s.b.w.embedded.tomcat.TomcatWebServer - Tomcat initialized with port 8080 (http)
2026-01-28 00:42:01 [main] INFO  o.apache.coyote.http11.Http11NioProtocol - Initializing ProtocolHandler ["http-nio-8080"]
2026-01-28 00:42:01 [main] INFO  o.apache.catalina.core.StandardService - Starting service [Tomcat]
2026-01-28 00:42:01 [main] INFO  org.apache.catalina.core.StandardEngine - Starting Servlet engine: [Apache Tomcat/10.1.18]
2026-01-28 00:42:01 [main] INFO  o.a.c.c.C.[Tomcat].[localhost].[/] - Initializing Spring embedded WebApplicationContext
2026-01-28 00:42:01 [main] INFO  o.s.b.w.s.c.ServletWebServerApplicationContext - Root WebApplicationContext: initialization completed in 3627 ms
2026-01-28 00:42:01 [main] INFO  com.zaxxer.hikari.HikariDataSource - HikariPool-1 - Starting...
2026-01-28 00:42:02 [main] INFO  com.zaxxer.hikari.pool.HikariPool - HikariPool-1 - Added connection conn0: url=jdbc:h2:file:./data/patientcare user=SA
2026-01-28 00:42:02 [main] INFO  com.zaxxer.hikari.HikariDataSource - HikariPool-1 - Start completed.
2026-01-28 00:42:02 [main] INFO  o.s.b.a.h2.H2ConsoleAutoConfiguration - H2 console available at '/h2-console'. Database available at 'jdbc:h2:file:./data/patientcare'
2026-01-28 00:42:02 [main] INFO  liquibase.database - Set default schema name to PUBLIC
2026-01-28 00:42:03 [main] INFO  liquibase.changelog - Reading from PUBLIC.DATABASECHANGELOG
2026-01-28 00:42:04 [main] INFO  liquibase.changelog - Reading from PUBLIC.DATABASECHANGELOG
2026-01-28 00:42:04 [main] INFO  liquibase.util - UPDATE SUMMARY
2026-01-28 00:42:04 [main] INFO  liquibase.util - Run:                          0
2026-01-28 00:42:04 [main] INFO  liquibase.util - Previously run:               1
2026-01-28 00:42:04 [main] INFO  liquibase.util - Filtered out:                 1
2026-01-28 00:42:04 [main] INFO  liquibase.util - -------------------------------
2026-01-28 00:42:04 [main] INFO  liquibase.util - Total change sets:            2
2026-01-28 00:42:04 [main] INFO  liquibase.util - FILTERED CHANGE SETS SUMMARY
2026-01-28 00:42:04 [main] INFO  liquibase.util - Context mismatch:             1
2026-01-28 00:42:04 [main] INFO  liquibase.util - Update summary generated
2026-01-28 00:42:04 [main] INFO  liquibase.lockservice - Successfully released change log lock
2026-01-28 00:42:04 [main] INFO  liquibase.command - Command execution complete
2026-01-28 00:42:04 [main] INFO  o.hibernate.jpa.internal.util.LogHelper - HHH000204: Processing PersistenceUnitInfo [name: default]
2026-01-28 00:42:04 [main] INFO  org.hibernate.Version - HHH000412: Hibernate ORM core version 6.4.1.Final
2026-01-28 00:42:04 [main] INFO  o.h.c.internal.RegionFactoryInitiator - HHH000026: Second-level cache disabled
2026-01-28 00:42:04 [main] INFO  o.s.o.j.p.SpringPersistenceUnitInfo - No LoadTimeWeaver setup: ignoring JPA class transformer
2026-01-28 00:42:06 [main] INFO  o.h.e.t.j.p.i.JtaPlatformInitiator - HHH000489: No JTA platform available (set 'hibernate.transaction.jta.platform' to enable JTA platform integration)
2026-01-28 00:42:06 [main] INFO  o.s.o.j.LocalContainerEntityManagerFactoryBean - Initialized JPA EntityManagerFactory for persistence unit 'default'
2026-01-28 00:42:07 [main] INFO  o.s.d.j.r.query.QueryEnhancerFactory - Hibernate is in classpath; If applicable, HQL parser will be used.
2026-01-28 00:42:08 [main] WARN  o.s.b.a.o.j.JpaBaseConfiguration$JpaWebConfiguration - spring.jpa.open-in-view is enabled by default. Therefore, database queries may be performed during view rendering. Explicitly configure spring.jpa.open-in-view to disable this warning
2026-01-28 00:42:08 [main] INFO  o.apache.coyote.http11.Http11NioProtocol - Starting ProtocolHandler ["http-nio-8080"]
2026-01-28 00:42:08 [main] INFO  o.s.b.w.embedded.tomcat.TomcatWebServer - Tomcat started on port 8080 (http) with context path ''
2026-01-28 00:42:09 [main] INFO  d.ait.patientcare.PatientCareApplication - Started PatientCareApplication in 12.014 seconds (process running for 13.508)
2026-01-28 00:42:29 [SpringApplicationShutdownHook] INFO  o.s.o.j.LocalContainerEntityManagerFactoryBean - Closing JPA EntityManagerFactory for persistence unit 'default'
2026-01-28 00:42:29 [SpringApplicationShutdownHook] INFO  com.zaxxer.hikari.HikariDataSource - HikariPool-1 - Shutdown initiated...
2026-01-28 00:42:29 [SpringApplicationShutdownHook] INFO  com.zaxxer.hikari.HikariDataSource - HikariPool-1 - Shutdown completed.
2026-01-28 00:47:24 [background-preinit] INFO  o.h.validator.internal.util.Version - HV000001: Hibernate Validator 8.0.1.Final
2026-01-28 00:47:24 [main] INFO  d.ait.patientcare.PatientCareApplication - Starting PatientCareApplication using Java 23.0.1 with PID 10784 (C:\Users\Asus\Documents\AIT\BackendPro\lessons\09_57-59_Startup_game\PatientCare\target\classes started by Asus in C:\Users\Asus\Documents\AIT\BackendPro\lessons\09_57-59_Startup_game\PatientCare)
2026-01-28 00:47:24 [main] DEBUG d.ait.patientcare.PatientCareApplication - Running with Spring Boot v3.2.2, Spring v6.1.3
2026-01-28 00:47:24 [main] INFO  d.ait.patientcare.PatientCareApplication - No active profile set, falling back to 1 default profile: "default"
2026-01-28 00:47:26 [main] INFO  o.s.d.r.c.RepositoryConfigurationDelegate - Bootstrapping Spring Data JPA repositories in DEFAULT mode.
2026-01-28 00:47:26 [main] INFO  o.s.d.r.c.RepositoryConfigurationDelegate - Finished Spring Data repository scanning in 93 ms. Found 1 JPA repository interface.
2026-01-28 00:47:27 [main] INFO  o.s.b.w.embedded.tomcat.TomcatWebServer - Tomcat initialized with port 8080 (http)
2026-01-28 00:47:27 [main] INFO  o.apache.coyote.http11.Http11NioProtocol - Initializing ProtocolHandler ["http-nio-8080"]
2026-01-28 00:47:27 [main] INFO  o.apache.catalina.core.StandardService - Starting service [Tomcat]
2026-01-28 00:47:27 [main] INFO  org.apache.catalina.core.StandardEngine - Starting Servlet engine: [Apache Tomcat/10.1.18]
2026-01-28 00:47:27 [main] INFO  o.a.c.c.C.[Tomcat].[localhost].[/] - Initializing Spring embedded WebApplicationContext
2026-01-28 00:47:27 [main] INFO  o.s.b.w.s.c.ServletWebServerApplicationContext - Root WebApplicationContext: initialization completed in 2628 ms
2026-01-28 00:47:27 [main] INFO  com.zaxxer.hikari.HikariDataSource - HikariPool-1 - Starting...
2026-01-28 00:47:28 [main] INFO  com.zaxxer.hikari.pool.HikariPool - HikariPool-1 - Added connection conn0: url=jdbc:h2:file:./data/patientcare user=SA
2026-01-28 00:47:28 [main] INFO  com.zaxxer.hikari.HikariDataSource - HikariPool-1 - Start completed.
2026-01-28 00:47:28 [main] INFO  o.s.b.a.h2.H2ConsoleAutoConfiguration - H2 console available at '/h2-console'. Database available at 'jdbc:h2:file:./data/patientcare'
2026-01-28 00:47:28 [main] INFO  liquibase.database - Set default schema name to PUBLIC
2026-01-28 00:47:29 [main] INFO  liquibase.changelog - Reading from PUBLIC.DATABASECHANGELOG
2026-01-28 00:47:29 [main] INFO  liquibase.changelog - Reading from PUBLIC.DATABASECHANGELOG
2026-01-28 00:47:29 [main] INFO  liquibase.util - UPDATE SUMMARY
2026-01-28 00:47:29 [main] INFO  liquibase.util - Run:                          0
2026-01-28 00:47:29 [main] INFO  liquibase.util - Previously run:               1
2026-01-28 00:47:29 [main] INFO  liquibase.util - Filtered out:                 1
2026-01-28 00:47:29 [main] INFO  liquibase.util - -------------------------------
2026-01-28 00:47:29 [main] INFO  liquibase.util - Total change sets:            2
2026-01-28 00:47:29 [main] INFO  liquibase.util - FILTERED CHANGE SETS SUMMARY
2026-01-28 00:47:29 [main] INFO  liquibase.util - Context mismatch:             1
2026-01-28 00:47:29 [main] INFO  liquibase.util - Update summary generated
2026-01-28 00:47:29 [main] INFO  liquibase.lockservice - Successfully released change log lock
2026-01-28 00:47:29 [main] INFO  liquibase.command - Command execution complete
2026-01-28 00:47:29 [main] INFO  o.hibernate.jpa.internal.util.LogHelper - HHH000204: Processing PersistenceUnitInfo [name: default]
2026-01-28 00:47:29 [main] INFO  org.hibernate.Version - HHH000412: Hibernate ORM core version 6.4.1.Final
2026-01-28 00:47:29 [main] INFO  o.h.c.internal.RegionFactoryInitiator - HHH000026: Second-level cache disabled
2026-01-28 00:47:30 [main] INFO  o.s.o.j.p.SpringPersistenceUnitInfo - No LoadTimeWeaver setup: ignoring JPA class transformer
2026-01-28 00:47:31 [main] INFO  o.h.e.t.j.p.i.JtaPlatformInitiator - HHH000489: No JTA platform available (set 'hibernate.transaction.jta.platform' to enable JTA platform integration)
2026-01-28 00:47:31 [main] INFO  o.s.o.j.LocalContainerEntityManagerFactoryBean - Initialized JPA EntityManagerFactory for persistence unit 'default'
2026-01-28 00:47:32 [main] INFO  o.s.d.j.r.query.QueryEnhancerFactory - Hibernate is in classpath; If applicable, HQL parser will be used.
2026-01-28 00:47:33 [main] WARN  o.s.b.a.o.j.JpaBaseConfiguration$JpaWebConfiguration - spring.jpa.open-in-view is enabled by default. Therefore, database queries may be performed during view rendering. Explicitly configure spring.jpa.open-in-view to disable this warning
2026-01-28 00:47:33 [main] INFO  o.apache.coyote.http11.Http11NioProtocol - Starting ProtocolHandler ["http-nio-8080"]
2026-01-28 00:47:33 [main] INFO  o.s.b.w.embedded.tomcat.TomcatWebServer - Tomcat started on port 8080 (http) with context path ''
2026-01-28 00:47:34 [main] INFO  d.ait.patientcare.PatientCareApplication - Started PatientCareApplication in 10.15 seconds (process running for 11.625)
2026-01-28 00:47:49 [http-nio-8080-exec-1] INFO  o.a.c.c.C.[Tomcat].[localhost].[/] - Initializing Spring DispatcherServlet 'dispatcherServlet'
2026-01-28 00:47:49 [http-nio-8080-exec-1] INFO  o.s.web.servlet.DispatcherServlet - Initializing Servlet 'dispatcherServlet'
2026-01-28 00:47:49 [http-nio-8080-exec-1] INFO  o.s.web.servlet.DispatcherServlet - Completed initialization in 2 ms
2026-01-28 00:47:51 [http-nio-8080-exec-10] INFO  o.springdoc.api.AbstractOpenApiResource - Init duration for springdoc-openapi is: 547 ms
2026-01-28 01:01:26 [SpringApplicationShutdownHook] INFO  o.s.o.j.LocalContainerEntityManagerFactoryBean - Closing JPA EntityManagerFactory for persistence unit 'default'
2026-01-28 01:01:26 [SpringApplicationShutdownHook] INFO  com.zaxxer.hikari.HikariDataSource - HikariPool-1 - Shutdown initiated...
2026-01-28 01:01:26 [SpringApplicationShutdownHook] INFO  com.zaxxer.hikari.HikariDataSource - HikariPool-1 - Shutdown completed.
2026-01-28 01:01:31 [background-preinit] INFO  o.h.validator.internal.util.Version - HV000001: Hibernate Validator 8.0.1.Final
2026-01-28 01:01:31 [main] INFO  d.ait.patientcare.PatientCareApplication - Starting PatientCareApplication using Java 23.0.1 with PID 8500 (C:\Users\Asus\Documents\AIT\BackendPro\lessons\09_57-59_Startup_game\PatientCare\target\classes started by Asus in C:\Users\Asus\Documents\AIT\BackendPro\lessons\09_57-59_Startup_game\PatientCare)
2026-01-28 01:01:31 [main] DEBUG d.ait.patientcare.PatientCareApplication - Running with Spring Boot v3.2.2, Spring v6.1.3
2026-01-28 01:01:31 [main] INFO  d.ait.patientcare.PatientCareApplication - No active profile set, falling back to 1 default profile: "default"
2026-01-28 01:01:33 [main] INFO  o.s.d.r.c.RepositoryConfigurationDelegate - Bootstrapping Spring Data JPA repositories in DEFAULT mode.
2026-01-28 01:01:33 [main] INFO  o.s.d.r.c.RepositoryConfigurationDelegate - Finished Spring Data repository scanning in 91 ms. Found 1 JPA repository interface.
2026-01-28 01:01:34 [main] INFO  o.s.b.w.embedded.tomcat.TomcatWebServer - Tomcat initialized with port 8080 (http)
2026-01-28 01:01:34 [main] INFO  o.apache.coyote.http11.Http11NioProtocol - Initializing ProtocolHandler ["http-nio-8080"]
2026-01-28 01:01:34 [main] INFO  o.apache.catalina.core.StandardService - Starting service [Tomcat]
2026-01-28 01:01:34 [main] INFO  org.apache.catalina.core.StandardEngine - Starting Servlet engine: [Apache Tomcat/10.1.18]
2026-01-28 01:01:34 [main] INFO  o.a.c.c.C.[Tomcat].[localhost].[/] - Initializing Spring embedded WebApplicationContext
2026-01-28 01:01:34 [main] INFO  o.s.b.w.s.c.ServletWebServerApplicationContext - Root WebApplicationContext: initialization completed in 2614 ms
2026-01-28 01:01:34 [main] INFO  com.zaxxer.hikari.HikariDataSource - HikariPool-1 - Starting...
2026-01-28 01:01:34 [main] INFO  com.zaxxer.hikari.pool.HikariPool - HikariPool-1 - Added connection conn0: url=jdbc:h2:file:./data/patientcare user=SA
2026-01-28 01:01:34 [main] INFO  com.zaxxer.hikari.HikariDataSource - HikariPool-1 - Start completed.
2026-01-28 01:01:34 [main] INFO  o.s.b.a.h2.H2ConsoleAutoConfiguration - H2 console available at '/h2-console'. Database available at 'jdbc:h2:file:./data/patientcare'
2026-01-28 01:01:35 [main] INFO  liquibase.database - Set default schema name to PUBLIC
2026-01-28 01:01:36 [main] INFO  liquibase.changelog - Reading from PUBLIC.DATABASECHANGELOG
2026-01-28 01:01:36 [main] INFO  liquibase.changelog - Reading from PUBLIC.DATABASECHANGELOG
2026-01-28 01:01:36 [main] INFO  liquibase.util - UPDATE SUMMARY
2026-01-28 01:01:36 [main] INFO  liquibase.util - Run:                          0
2026-01-28 01:01:36 [main] INFO  liquibase.util - Previously run:               1
2026-01-28 01:01:36 [main] INFO  liquibase.util - Filtered out:                 1
2026-01-28 01:01:36 [main] INFO  liquibase.util - -------------------------------
2026-01-28 01:01:36 [main] INFO  liquibase.util - Total change sets:            2
2026-01-28 01:01:36 [main] INFO  liquibase.util - FILTERED CHANGE SETS SUMMARY
2026-01-28 01:01:36 [main] INFO  liquibase.util - Context mismatch:             1
2026-01-28 01:01:36 [main] INFO  liquibase.util - Update summary generated
2026-01-28 01:01:36 [main] INFO  liquibase.lockservice - Successfully released change log lock
2026-01-28 01:01:36 [main] INFO  liquibase.command - Command execution complete
2026-01-28 01:01:36 [main] INFO  o.hibernate.jpa.internal.util.LogHelper - HHH000204: Processing PersistenceUnitInfo [name: default]
2026-01-28 01:01:36 [main] INFO  org.hibernate.Version - HHH000412: Hibernate ORM core version 6.4.1.Final
2026-01-28 01:01:36 [main] INFO  o.h.c.internal.RegionFactoryInitiator - HHH000026: Second-level cache disabled
2026-01-28 01:01:37 [main] INFO  o.s.o.j.p.SpringPersistenceUnitInfo - No LoadTimeWeaver setup: ignoring JPA class transformer
2026-01-28 01:01:39 [main] INFO  o.h.e.t.j.p.i.JtaPlatformInitiator - HHH000489: No JTA platform available (set 'hibernate.transaction.jta.platform' to enable JTA platform integration)
2026-01-28 01:01:39 [main] INFO  o.s.o.j.LocalContainerEntityManagerFactoryBean - Initialized JPA EntityManagerFactory for persistence unit 'default'
2026-01-28 01:01:40 [main] INFO  o.s.d.j.r.query.QueryEnhancerFactory - Hibernate is in classpath; If applicable, HQL parser will be used.
2026-01-28 01:01:41 [main] WARN  o.s.b.a.o.j.JpaBaseConfiguration$JpaWebConfiguration - spring.jpa.open-in-view is enabled by default. Therefore, database queries may be performed during view rendering. Explicitly configure spring.jpa.open-in-view to disable this warning
2026-01-28 01:01:42 [main] INFO  o.apache.coyote.http11.Http11NioProtocol - Starting ProtocolHandler ["http-nio-8080"]
2026-01-28 01:01:42 [main] INFO  o.s.b.w.embedded.tomcat.TomcatWebServer - Tomcat started on port 8080 (http) with context path ''
2026-01-28 01:01:42 [main] INFO  d.ait.patientcare.PatientCareApplication - Started PatientCareApplication in 11.817 seconds (process running for 13.31)
2026-01-28 01:02:00 [SpringApplicationShutdownHook] INFO  o.s.o.j.LocalContainerEntityManagerFactoryBean - Closing JPA EntityManagerFactory for persistence unit 'default'
2026-01-28 01:02:00 [SpringApplicationShutdownHook] INFO  com.zaxxer.hikari.HikariDataSource - HikariPool-1 - Shutdown initiated...
2026-01-28 01:02:00 [SpringApplicationShutdownHook] INFO  com.zaxxer.hikari.HikariDataSource - HikariPool-1 - Shutdown completed.
2026-01-28 01:02:09 [background-preinit] INFO  o.h.validator.internal.util.Version - HV000001: Hibernate Validator 8.0.1.Final
2026-01-28 01:02:09 [main] INFO  d.ait.patientcare.PatientCareApplication - Starting PatientCareApplication using Java 23.0.1 with PID 17972 (C:\Users\Asus\Documents\AIT\BackendPro\lessons\09_57-59_Startup_game\PatientCare\target\classes started by Asus in C:\Users\Asus\Documents\AIT\BackendPro\lessons\09_57-59_Startup_game\PatientCare)
2026-01-28 01:02:09 [main] DEBUG d.ait.patientcare.PatientCareApplication - Running with Spring Boot v3.2.2, Spring v6.1.3
2026-01-28 01:02:09 [main] INFO  d.ait.patientcare.PatientCareApplication - No active profile set, falling back to 1 default profile: "default"
2026-01-28 01:02:11 [main] INFO  o.s.d.r.c.RepositoryConfigurationDelegate - Bootstrapping Spring Data JPA repositories in DEFAULT mode.
2026-01-28 01:02:11 [main] INFO  o.s.d.r.c.RepositoryConfigurationDelegate - Finished Spring Data repository scanning in 78 ms. Found 1 JPA repository interface.
2026-01-28 01:02:12 [main] INFO  o.s.b.w.embedded.tomcat.TomcatWebServer - Tomcat initialized with port 8080 (http)
2026-01-28 01:02:12 [main] INFO  o.apache.coyote.http11.Http11NioProtocol - Initializing ProtocolHandler ["http-nio-8080"]
2026-01-28 01:02:12 [main] INFO  o.apache.catalina.core.StandardService - Starting service [Tomcat]
2026-01-28 01:02:12 [main] INFO  org.apache.catalina.core.StandardEngine - Starting Servlet engine: [Apache Tomcat/10.1.18]
2026-01-28 01:02:12 [main] INFO  o.a.c.c.C.[Tomcat].[localhost].[/] - Initializing Spring embedded WebApplicationContext
2026-01-28 01:02:12 [main] INFO  o.s.b.w.s.c.ServletWebServerApplicationContext - Root WebApplicationContext: initialization completed in 2493 ms
2026-01-28 01:02:12 [main] INFO  com.zaxxer.hikari.HikariDataSource - HikariPool-1 - Starting...
2026-01-28 01:02:12 [main] INFO  com.zaxxer.hikari.pool.HikariPool - HikariPool-1 - Added connection conn0: url=jdbc:h2:file:./data/patientcare user=SA
2026-01-28 01:02:12 [main] INFO  com.zaxxer.hikari.HikariDataSource - HikariPool-1 - Start completed.
2026-01-28 01:02:12 [main] INFO  o.s.b.a.h2.H2ConsoleAutoConfiguration - H2 console available at '/h2-console'. Database available at 'jdbc:h2:file:./data/patientcare'
2026-01-28 01:02:12 [main] INFO  liquibase.database - Set default schema name to PUBLIC
2026-01-28 01:02:13 [main] INFO  liquibase.changelog - Reading from PUBLIC.DATABASECHANGELOG
2026-01-28 01:02:14 [main] INFO  liquibase.lockservice - Changelog-Protokoll erfolgreich gesperrt.
2026-01-28 01:02:14 [main] INFO  liquibase.command - Using deploymentId: 9558534003
2026-01-28 01:02:14 [main] INFO  liquibase.changelog - Reading from PUBLIC.DATABASECHANGELOG
2026-01-28 01:02:14 [main] INFO  liquibase.changelog - New row inserted into patients
2026-01-28 01:02:14 [main] INFO  liquibase.changelog - New row inserted into patients
2026-01-28 01:02:14 [main] INFO  liquibase.changelog - New row inserted into patients
2026-01-28 01:02:14 [main] INFO  liquibase.changelog - New row inserted into patients
2026-01-28 01:02:14 [main] INFO  liquibase.changelog - New row inserted into patients
2026-01-28 01:02:14 [main] INFO  liquibase.changelog - New row inserted into patients
2026-01-28 01:02:14 [main] INFO  liquibase.changelog - New row inserted into patients
2026-01-28 01:02:14 [main] INFO  liquibase.changelog - New row inserted into patients
2026-01-28 01:02:14 [main] INFO  liquibase.changelog - New row inserted into patients
2026-01-28 01:02:14 [main] INFO  liquibase.changelog - New row inserted into patients
2026-01-28 01:02:14 [main] INFO  liquibase.changelog - ChangeSet db/changelog/003-create-seed-data.xml::insert-test-patients::Alexander Hermann ran successfully in 46ms
2026-01-28 01:02:14 [main] INFO  liquibase.util - UPDATE SUMMARY
2026-01-28 01:02:14 [main] INFO  liquibase.util - Run:                          1
2026-01-28 01:02:14 [main] INFO  liquibase.util - Previously run:               1
2026-01-28 01:02:14 [main] INFO  liquibase.util - Filtered out:                 1
2026-01-28 01:02:14 [main] INFO  liquibase.util - -------------------------------
2026-01-28 01:02:14 [main] INFO  liquibase.util - Total change sets:            3
2026-01-28 01:02:14 [main] INFO  liquibase.util - FILTERED CHANGE SETS SUMMARY
2026-01-28 01:02:14 [main] INFO  liquibase.util - Context mismatch:             1
2026-01-28 01:02:14 [main] INFO  liquibase.util - Update summary generated
2026-01-28 01:02:14 [main] INFO  liquibase.command - Update command completed successfully.
2026-01-28 01:02:14 [main] INFO  liquibase.lockservice - Successfully released change log lock
2026-01-28 01:02:14 [main] INFO  liquibase.command - Command execution complete
2026-01-28 01:02:14 [main] INFO  o.hibernate.jpa.internal.util.LogHelper - HHH000204: Processing PersistenceUnitInfo [name: default]
2026-01-28 01:02:14 [main] INFO  org.hibernate.Version - HHH000412: Hibernate ORM core version 6.4.1.Final
2026-01-28 01:02:14 [main] INFO  o.h.c.internal.RegionFactoryInitiator - HHH000026: Second-level cache disabled
2026-01-28 01:02:14 [main] INFO  o.s.o.j.p.SpringPersistenceUnitInfo - No LoadTimeWeaver setup: ignoring JPA class transformer
2026-01-28 01:02:16 [main] INFO  o.h.e.t.j.p.i.JtaPlatformInitiator - HHH000489: No JTA platform available (set 'hibernate.transaction.jta.platform' to enable JTA platform integration)
2026-01-28 01:02:16 [main] INFO  o.s.o.j.LocalContainerEntityManagerFactoryBean - Initialized JPA EntityManagerFactory for persistence unit 'default'
2026-01-28 01:02:17 [main] INFO  o.s.d.j.r.query.QueryEnhancerFactory - Hibernate is in classpath; If applicable, HQL parser will be used.
2026-01-28 01:02:18 [main] WARN  o.s.b.a.o.j.JpaBaseConfiguration$JpaWebConfiguration - spring.jpa.open-in-view is enabled by default. Therefore, database queries may be performed during view rendering. Explicitly configure spring.jpa.open-in-view to disable this warning
2026-01-28 01:02:19 [main] INFO  o.apache.coyote.http11.Http11NioProtocol - Starting ProtocolHandler ["http-nio-8080"]
2026-01-28 01:02:19 [main] INFO  o.s.b.w.embedded.tomcat.TomcatWebServer - Tomcat started on port 8080 (http) with context path ''
2026-01-28 01:02:19 [main] INFO  d.ait.patientcare.PatientCareApplication - Started PatientCareApplication in 10.666 seconds (process running for 12.521)
2026-01-28 01:03:39 [http-nio-8080-exec-1] INFO  o.a.c.c.C.[Tomcat].[localhost].[/] - Initializing Spring DispatcherServlet 'dispatcherServlet'
2026-01-28 01:03:39 [http-nio-8080-exec-1] INFO  o.s.web.servlet.DispatcherServlet - Initializing Servlet 'dispatcherServlet'
2026-01-28 01:03:39 [http-nio-8080-exec-1] INFO  o.s.web.servlet.DispatcherServlet - Completed initialization in 2 ms
2026-01-28 01:03:39 [http-nio-8080-exec-1] INFO  d.ait.patientcare.service.PatientService - Fetching all patients
2026-01-28 01:04:35 [SpringApplicationShutdownHook] INFO  o.s.o.j.LocalContainerEntityManagerFactoryBean - Closing JPA EntityManagerFactory for persistence unit 'default'
2026-01-28 01:04:35 [SpringApplicationShutdownHook] INFO  com.zaxxer.hikari.HikariDataSource - HikariPool-1 - Shutdown initiated...
2026-01-28 01:04:35 [SpringApplicationShutdownHook] INFO  com.zaxxer.hikari.HikariDataSource - HikariPool-1 - Shutdown completed.
2026-01-28 01:05:06 [background-preinit] INFO  o.h.validator.internal.util.Version - HV000001: Hibernate Validator 8.0.1.Final
2026-01-28 01:05:07 [main] INFO  d.a.p.PatientControllerMockMvcTest - Starting PatientControllerMockMvcTest using Java 23.0.1 with PID 12716 (started by Asus in C:\Users\Asus\Documents\AIT\BackendPro\lessons\09_57-59_Startup_game\PatientCare)
2026-01-28 01:05:07 [main] DEBUG d.a.p.PatientControllerMockMvcTest - Running with Spring Boot v3.2.2, Spring v6.1.3
2026-01-28 01:05:07 [main] INFO  d.a.p.PatientControllerMockMvcTest - The following 1 profile is active: "test"
2026-01-28 01:05:08 [main] INFO  o.s.d.r.c.RepositoryConfigurationDelegate - Bootstrapping Spring Data JPA repositories in DEFAULT mode.
2026-01-28 01:05:08 [main] INFO  o.s.d.r.c.RepositoryConfigurationDelegate - Finished Spring Data repository scanning in 145 ms. Found 1 JPA repository interface.
2026-01-28 01:05:10 [main] INFO  com.zaxxer.hikari.HikariDataSource - HikariPool-1 - Starting...
2026-01-28 01:05:10 [main] INFO  com.zaxxer.hikari.pool.HikariPool - HikariPool-1 - Added connection conn0: url=jdbc:h2:mem:testdb user=SA
2026-01-28 01:05:10 [main] INFO  com.zaxxer.hikari.HikariDataSource - HikariPool-1 - Start completed.
2026-01-28 01:05:10 [main] INFO  liquibase.database - Set default schema name to PUBLIC
2026-01-28 01:05:11 [main] INFO  liquibase.changelog - Creating database history table with name: PUBLIC.DATABASECHANGELOG
2026-01-28 01:05:12 [main] INFO  liquibase.changelog - Reading from PUBLIC.DATABASECHANGELOG
2026-01-28 01:05:12 [main] INFO  liquibase.lockservice - Changelog-Protokoll erfolgreich gesperrt.
2026-01-28 01:05:12 [main] INFO  liquibase.command - Using deploymentId: 9558712351
2026-01-28 01:05:12 [main] INFO  liquibase.changelog - Reading from PUBLIC.DATABASECHANGELOG
2026-01-28 01:05:12 [main] INFO  liquibase.changelog - Table patients created
2026-01-28 01:05:12 [main] INFO  liquibase.changelog - ChangeSet db/changelog/001-create-patients-table.xml::001-create-patients-table::TetianaAnufriieva ran successfully in 27ms
2026-01-28 01:05:12 [main] INFO  liquibase.changelog - New row inserted into patients
2026-01-28 01:05:12 [main] INFO  liquibase.changelog - New row inserted into patients
2026-01-28 01:05:12 [main] INFO  liquibase.changelog - ChangeSet db/changelog/002-seed-test-data.xml::002-seed-test-data::TetianaAnufriieva ran successfully in 9ms
2026-01-28 01:05:12 [main] INFO  liquibase.changelog - New row inserted into patients
2026-01-28 01:05:12 [main] INFO  liquibase.changelog - New row inserted into patients
2026-01-28 01:05:12 [main] INFO  liquibase.changelog - New row inserted into patients
2026-01-28 01:05:12 [main] INFO  liquibase.changelog - New row inserted into patients
2026-01-28 01:05:12 [main] INFO  liquibase.changelog - New row inserted into patients
2026-01-28 01:05:12 [main] INFO  liquibase.changelog - New row inserted into patients
2026-01-28 01:05:12 [main] INFO  liquibase.changelog - New row inserted into patients
2026-01-28 01:05:12 [main] INFO  liquibase.changelog - New row inserted into patients
2026-01-28 01:05:12 [main] INFO  liquibase.changelog - New row inserted into patients
2026-01-28 01:05:12 [main] INFO  liquibase.changelog - New row inserted into patients
2026-01-28 01:05:12 [main] INFO  liquibase.changelog - ChangeSet db/changelog/003-create-seed-data.xml::insert-test-patients::Alexander Hermann ran successfully in 49ms
2026-01-28 01:05:12 [main] INFO  liquibase.util - UPDATE SUMMARY
2026-01-28 01:05:12 [main] INFO  liquibase.util - Run:                          3
2026-01-28 01:05:12 [main] INFO  liquibase.util - Previously run:               0
2026-01-28 01:05:12 [main] INFO  liquibase.util - Filtered out:                 0
2026-01-28 01:05:12 [main] INFO  liquibase.util - -------------------------------
2026-01-28 01:05:12 [main] INFO  liquibase.util - Total change sets:            3
2026-01-28 01:05:12 [main] INFO  liquibase.util - Update summary generated
2026-01-28 01:05:12 [main] INFO  liquibase.command - Update command completed successfully.
2026-01-28 01:05:12 [main] INFO  liquibase.lockservice - Successfully released change log lock
2026-01-28 01:05:12 [main] INFO  liquibase.command - Command execution complete
2026-01-28 01:05:12 [main] INFO  o.hibernate.jpa.internal.util.LogHelper - HHH000204: Processing PersistenceUnitInfo [name: default]
2026-01-28 01:05:13 [main] INFO  org.hibernate.Version - HHH000412: Hibernate ORM core version 6.4.1.Final
2026-01-28 01:05:13 [main] INFO  o.h.c.internal.RegionFactoryInitiator - HHH000026: Second-level cache disabled
2026-01-28 01:05:13 [main] INFO  o.s.o.j.p.SpringPersistenceUnitInfo - No LoadTimeWeaver setup: ignoring JPA class transformer
2026-01-28 01:05:15 [main] INFO  o.h.e.t.j.p.i.JtaPlatformInitiator - HHH000489: No JTA platform available (set 'hibernate.transaction.jta.platform' to enable JTA platform integration)
2026-01-28 01:05:15 [main] INFO  o.s.o.j.LocalContainerEntityManagerFactoryBean - Initialized JPA EntityManagerFactory for persistence unit 'default'
2026-01-28 01:05:16 [main] INFO  o.s.d.j.r.query.QueryEnhancerFactory - Hibernate is in classpath; If applicable, HQL parser will be used.
2026-01-28 01:05:17 [main] WARN  o.s.b.a.o.j.JpaBaseConfiguration$JpaWebConfiguration - spring.jpa.open-in-view is enabled by default. Therefore, database queries may be performed during view rendering. Explicitly configure spring.jpa.open-in-view to disable this warning
2026-01-28 01:05:18 [main] INFO  o.s.b.a.h2.H2ConsoleAutoConfiguration - H2 console available at '/h2-console'. Database available at 'jdbc:h2:mem:testdb'
2026-01-28 01:05:19 [main] INFO  o.s.b.t.m.w.SpringBootMockServletContext - Initializing Spring TestDispatcherServlet ''
2026-01-28 01:05:19 [main] INFO  o.s.t.web.servlet.TestDispatcherServlet - Initializing Servlet ''
2026-01-28 01:05:19 [main] INFO  o.s.t.web.servlet.TestDispatcherServlet - Completed initialization in 4 ms
2026-01-28 01:05:19 [main] INFO  d.a.p.PatientControllerMockMvcTest - Started PatientControllerMockMvcTest in 13.027 seconds (process running for 15.676)
2026-01-28 01:05:20 [main] INFO  d.ait.patientcare.service.PatientService - Creating new patient: Anna Smith
2026-01-28 01:05:20 [main] INFO  d.ait.patientcare.service.PatientService - Patient created successfully with ID: 13
2026-01-28 01:05:20 [SpringApplicationShutdownHook] INFO  o.s.o.j.LocalContainerEntityManagerFactoryBean - Closing JPA EntityManagerFactory for persistence unit 'default'
2026-01-28 01:05:20 [SpringApplicationShutdownHook] INFO  com.zaxxer.hikari.HikariDataSource - HikariPool-1 - Shutdown initiated...
2026-01-28 01:05:20 [SpringApplicationShutdownHook] INFO  com.zaxxer.hikari.HikariDataSource - HikariPool-1 - Shutdown completed.
2026-01-28 01:58:41 [background-preinit] INFO  o.h.validator.internal.util.Version - HV000001: Hibernate Validator 8.0.1.Final
2026-01-28 01:58:41 [main] INFO  d.ait.patientcare.PatientCareApplication - Starting PatientCareApplication using Java 23.0.1 with PID 15072 (C:\Users\Asus\Documents\AIT\BackendPro\lessons\09_57-59_Startup_game\PatientCare\target\classes started by Asus in C:\Users\Asus\Documents\AIT\BackendPro\lessons\09_57-59_Startup_game\PatientCare)
2026-01-28 01:58:41 [main] DEBUG d.ait.patientcare.PatientCareApplication - Running with Spring Boot v3.2.2, Spring v6.1.3
2026-01-28 01:58:41 [main] INFO  d.ait.patientcare.PatientCareApplication - No active profile set, falling back to 1 default profile: "default"
2026-01-28 01:58:42 [main] INFO  o.s.d.r.c.RepositoryConfigurationDelegate - Bootstrapping Spring Data JPA repositories in DEFAULT mode.
2026-01-28 01:58:42 [main] INFO  o.s.d.r.c.RepositoryConfigurationDelegate - Finished Spring Data repository scanning in 135 ms. Found 1 JPA repository interface.
2026-01-28 01:58:43 [main] INFO  o.s.b.w.embedded.tomcat.TomcatWebServer - Tomcat initialized with port 8080 (http)
2026-01-28 01:58:43 [main] INFO  o.apache.coyote.http11.Http11NioProtocol - Initializing ProtocolHandler ["http-nio-8080"]
2026-01-28 01:58:43 [main] INFO  o.apache.catalina.core.StandardService - Starting service [Tomcat]
2026-01-28 01:58:43 [main] INFO  org.apache.catalina.core.StandardEngine - Starting Servlet engine: [Apache Tomcat/10.1.18]
2026-01-28 01:58:43 [main] INFO  o.a.c.c.C.[Tomcat].[localhost].[/] - Initializing Spring embedded WebApplicationContext
2026-01-28 01:58:43 [main] INFO  o.s.b.w.s.c.ServletWebServerApplicationContext - Root WebApplicationContext: initialization completed in 2597 ms
2026-01-28 01:58:43 [main] INFO  com.zaxxer.hikari.HikariDataSource - HikariPool-1 - Starting...
2026-01-28 01:58:44 [main] INFO  com.zaxxer.hikari.pool.HikariPool - HikariPool-1 - Added connection conn0: url=jdbc:h2:file:./data/patientcare user=SA
2026-01-28 01:58:44 [main] INFO  com.zaxxer.hikari.HikariDataSource - HikariPool-1 - Start completed.
2026-01-28 01:58:44 [main] INFO  o.s.b.a.h2.H2ConsoleAutoConfiguration - H2 console available at '/h2-console'. Database available at 'jdbc:h2:file:./data/patientcare'
2026-01-28 01:58:44 [main] INFO  liquibase.database - Set default schema name to PUBLIC
2026-01-28 01:58:45 [main] INFO  liquibase.changelog - Reading from PUBLIC.DATABASECHANGELOG
2026-01-28 01:58:45 [main] INFO  liquibase.changelog - Reading from PUBLIC.DATABASECHANGELOG
2026-01-28 01:58:45 [main] INFO  liquibase.util - UPDATE SUMMARY
2026-01-28 01:58:45 [main] INFO  liquibase.util - Run:                          0
2026-01-28 01:58:45 [main] INFO  liquibase.util - Previously run:               2
2026-01-28 01:58:45 [main] INFO  liquibase.util - Filtered out:                 1
2026-01-28 01:58:45 [main] INFO  liquibase.util - -------------------------------
2026-01-28 01:58:45 [main] INFO  liquibase.util - Total change sets:            3
2026-01-28 01:58:45 [main] INFO  liquibase.util - FILTERED CHANGE SETS SUMMARY
2026-01-28 01:58:45 [main] INFO  liquibase.util - Context mismatch:             1
2026-01-28 01:58:45 [main] INFO  liquibase.util - Update summary generated
2026-01-28 01:58:45 [main] INFO  liquibase.lockservice - Successfully released change log lock
2026-01-28 01:58:45 [main] INFO  liquibase.command - Command execution complete
2026-01-28 01:58:45 [main] INFO  o.hibernate.jpa.internal.util.LogHelper - HHH000204: Processing PersistenceUnitInfo [name: default]
2026-01-28 01:58:46 [main] INFO  org.hibernate.Version - HHH000412: Hibernate ORM core version 6.4.1.Final
2026-01-28 01:58:46 [main] INFO  o.h.c.internal.RegionFactoryInitiator - HHH000026: Second-level cache disabled
2026-01-28 01:58:46 [main] INFO  o.s.o.j.p.SpringPersistenceUnitInfo - No LoadTimeWeaver setup: ignoring JPA class transformer
2026-01-28 01:58:48 [main] INFO  o.h.e.t.j.p.i.JtaPlatformInitiator - HHH000489: No JTA platform available (set 'hibernate.transaction.jta.platform' to enable JTA platform integration)
2026-01-28 01:58:48 [main] INFO  o.s.o.j.LocalContainerEntityManagerFactoryBean - Initialized JPA EntityManagerFactory for persistence unit 'default'
2026-01-28 01:58:48 [main] INFO  o.s.d.j.r.query.QueryEnhancerFactory - Hibernate is in classpath; If applicable, HQL parser will be used.
2026-01-28 01:58:49 [main] WARN  o.s.b.a.o.j.JpaBaseConfiguration$JpaWebConfiguration - spring.jpa.open-in-view is enabled by default. Therefore, database queries may be performed during view rendering. Explicitly configure spring.jpa.open-in-view to disable this warning
2026-01-28 01:58:50 [main] INFO  o.apache.coyote.http11.Http11NioProtocol - Starting ProtocolHandler ["http-nio-8080"]
2026-01-28 01:58:50 [main] INFO  o.s.b.w.embedded.tomcat.TomcatWebServer - Tomcat started on port 8080 (http) with context path ''
2026-01-28 01:58:50 [main] INFO  d.ait.patientcare.PatientCareApplication - Started PatientCareApplication in 10.647 seconds (process running for 12.583)
2026-01-28 01:59:05 [http-nio-8080-exec-6] INFO  o.a.c.c.C.[Tomcat].[localhost].[/] - Initializing Spring DispatcherServlet 'dispatcherServlet'
2026-01-28 01:59:05 [http-nio-8080-exec-6] INFO  o.s.web.servlet.DispatcherServlet - Initializing Servlet 'dispatcherServlet'
2026-01-28 01:59:05 [http-nio-8080-exec-6] INFO  o.s.web.servlet.DispatcherServlet - Completed initialization in 2 ms
2026-01-28 01:59:05 [http-nio-8080-exec-6] INFO  d.ait.patientcare.service.PatientService - Searching patients with filters: gender=FEMALE, bloodType=null, ageFrom=null, ageTo=null
2026-01-28 02:00:12 [http-nio-8080-exec-10] INFO  d.ait.patientcare.service.PatientService - Fetching all patients
2026-01-28 02:01:09 [http-nio-8080-exec-6] INFO  d.ait.patientcare.service.PatientService - Searching patients with filters: gender=MALE, bloodType=null, ageFrom=18, ageTo=65
2026-01-28 02:02:07 [http-nio-8080-exec-2] INFO  d.ait.patientcare.service.PatientService - Searching patients with filters: gender=MALE, bloodType=null, ageFrom=18, ageTo=null
2026-01-28 02:02:34 [http-nio-8080-exec-7] INFO  d.ait.patientcare.service.PatientService - Searching patients with filters: gender=null, bloodType=O_POS, ageFrom=null, ageTo=null
2026-01-28 02:02:52 [http-nio-8080-exec-3] INFO  d.ait.patientcare.service.PatientService - Searching patients with filters: gender=FEMALE, bloodType=null, ageFrom=30, ageTo=null
2026-01-28 02:37:29 [http-nio-8080-exec-6] INFO  d.ait.patientcare.service.PatientService - Searching patients with filters: gender=FEMALE, bloodType=null, ageFrom=30, ageTo=null
2026-01-28 02:38:32 [http-nio-8080-exec-7] INFO  d.ait.patientcare.service.PatientService - Searching patients with filters: gender=null, bloodType=null, ageFrom=null, ageTo=null
2026-01-28 02:38:43 [http-nio-8080-exec-3] INFO  d.ait.patientcare.service.PatientService - Fetching all patients
2026-01-28 02:39:54 [background-preinit] INFO  o.h.validator.internal.util.Version - HV000001: Hibernate Validator 8.0.1.Final
2026-01-28 02:39:54 [main] INFO  d.a.p.PatientControllerMockMvcTest - Starting PatientControllerMockMvcTest using Java 23.0.1 with PID 20564 (started by Asus in C:\Users\Asus\Documents\AIT\BackendPro\lessons\09_57-59_Startup_game\PatientCare)
2026-01-28 02:39:54 [main] DEBUG d.a.p.PatientControllerMockMvcTest - Running with Spring Boot v3.2.2, Spring v6.1.3
2026-01-28 02:39:54 [main] INFO  d.a.p.PatientControllerMockMvcTest - The following 1 profile is active: "test"
2026-01-28 02:39:56 [main] INFO  o.s.d.r.c.RepositoryConfigurationDelegate - Bootstrapping Spring Data JPA repositories in DEFAULT mode.
2026-01-28 02:39:56 [main] INFO  o.s.d.r.c.RepositoryConfigurationDelegate - Finished Spring Data repository scanning in 150 ms. Found 1 JPA repository interface.
2026-01-28 02:39:57 [main] INFO  com.zaxxer.hikari.HikariDataSource - HikariPool-1 - Starting...
2026-01-28 02:39:58 [main] INFO  com.zaxxer.hikari.pool.HikariPool - HikariPool-1 - Added connection conn0: url=jdbc:h2:mem:testdb user=SA
2026-01-28 02:39:58 [main] INFO  com.zaxxer.hikari.HikariDataSource - HikariPool-1 - Start completed.
2026-01-28 02:39:58 [main] INFO  liquibase.database - Set default schema name to PUBLIC
2026-01-28 02:40:00 [main] INFO  liquibase.changelog - Creating database history table with name: PUBLIC.DATABASECHANGELOG
2026-01-28 02:40:01 [main] INFO  liquibase.changelog - Reading from PUBLIC.DATABASECHANGELOG
2026-01-28 02:40:01 [main] INFO  liquibase.lockservice - Changelog-Protokoll erfolgreich gesperrt.
2026-01-28 02:40:01 [main] INFO  liquibase.command - Using deploymentId: 9564401430
2026-01-28 02:40:01 [main] INFO  liquibase.changelog - Reading from PUBLIC.DATABASECHANGELOG
2026-01-28 02:40:01 [main] INFO  liquibase.changelog - Table patients created
2026-01-28 02:40:01 [main] INFO  liquibase.changelog - ChangeSet db/changelog/001-create-patients-table.xml::001-create-patients-table::TetianaAnufriieva ran successfully in 48ms
2026-01-28 02:40:01 [main] INFO  liquibase.changelog - New row inserted into patients
2026-01-28 02:40:01 [main] INFO  liquibase.changelog - New row inserted into patients
2026-01-28 02:40:01 [main] INFO  liquibase.changelog - ChangeSet db/changelog/002-seed-test-data.xml::002-seed-test-data::TetianaAnufriieva ran successfully in 14ms
2026-01-28 02:40:02 [main] INFO  liquibase.changelog - New row inserted into patients
2026-01-28 02:40:02 [main] INFO  liquibase.changelog - New row inserted into patients
2026-01-28 02:40:02 [main] INFO  liquibase.changelog - New row inserted into patients
2026-01-28 02:40:02 [main] INFO  liquibase.changelog - New row inserted into patients
2026-01-28 02:40:02 [main] INFO  liquibase.changelog - New row inserted into patients
2026-01-28 02:40:02 [main] INFO  liquibase.changelog - New row inserted into patients
2026-01-28 02:40:02 [main] INFO  liquibase.changelog - New row inserted into patients
2026-01-28 02:40:02 [main] INFO  liquibase.changelog - New row inserted into patients
2026-01-28 02:40:02 [main] INFO  liquibase.changelog - New row inserted into patients
2026-01-28 02:40:02 [main] INFO  liquibase.changelog - New row inserted into patients
2026-01-28 02:40:02 [main] INFO  liquibase.changelog - ChangeSet db/changelog/003-create-seed-data.xml::insert-test-patients::Alexander Hermann ran successfully in 46ms
2026-01-28 02:40:02 [main] INFO  liquibase.util - UPDATE SUMMARY
2026-01-28 02:40:02 [main] INFO  liquibase.util - Run:                          3
2026-01-28 02:40:02 [main] INFO  liquibase.util - Previously run:               0
2026-01-28 02:40:02 [main] INFO  liquibase.util - Filtered out:                 0
2026-01-28 02:40:02 [main] INFO  liquibase.util - -------------------------------
2026-01-28 02:40:02 [main] INFO  liquibase.util - Total change sets:            3
2026-01-28 02:40:02 [main] INFO  liquibase.util - Update summary generated
2026-01-28 02:40:02 [main] INFO  liquibase.command - Update command completed successfully.
2026-01-28 02:40:02 [main] INFO  liquibase.lockservice - Successfully released change log lock
2026-01-28 02:40:02 [main] INFO  liquibase.command - Command execution complete
2026-01-28 02:40:02 [main] INFO  o.hibernate.jpa.internal.util.LogHelper - HHH000204: Processing PersistenceUnitInfo [name: default]
2026-01-28 02:40:02 [main] INFO  org.hibernate.Version - HHH000412: Hibernate ORM core version 6.4.1.Final
2026-01-28 02:40:02 [main] INFO  o.h.c.internal.RegionFactoryInitiator - HHH000026: Second-level cache disabled
2026-01-28 02:40:03 [main] INFO  o.s.o.j.p.SpringPersistenceUnitInfo - No LoadTimeWeaver setup: ignoring JPA class transformer
2026-01-28 02:40:05 [main] INFO  o.h.e.t.j.p.i.JtaPlatformInitiator - HHH000489: No JTA platform available (set 'hibernate.transaction.jta.platform' to enable JTA platform integration)
2026-01-28 02:40:05 [main] INFO  o.s.o.j.LocalContainerEntityManagerFactoryBean - Initialized JPA EntityManagerFactory for persistence unit 'default'
2026-01-28 02:40:06 [main] INFO  o.s.d.j.r.query.QueryEnhancerFactory - Hibernate is in classpath; If applicable, HQL parser will be used.
2026-01-28 02:40:08 [main] WARN  o.s.b.a.o.j.JpaBaseConfiguration$JpaWebConfiguration - spring.jpa.open-in-view is enabled by default. Therefore, database queries may be performed during view rendering. Explicitly configure spring.jpa.open-in-view to disable this warning
2026-01-28 02:40:09 [main] INFO  o.s.b.a.h2.H2ConsoleAutoConfiguration - H2 console available at '/h2-console'. Database available at 'jdbc:h2:mem:testdb'
2026-01-28 02:40:09 [main] INFO  o.s.b.t.m.w.SpringBootMockServletContext - Initializing Spring TestDispatcherServlet ''
2026-01-28 02:40:09 [main] INFO  o.s.t.web.servlet.TestDispatcherServlet - Initializing Servlet ''
2026-01-28 02:40:09 [main] INFO  o.s.t.web.servlet.TestDispatcherServlet - Completed initialization in 2 ms
2026-01-28 02:40:10 [main] INFO  d.a.p.PatientControllerMockMvcTest - Started PatientControllerMockMvcTest in 16.851 seconds (process running for 21.798)
2026-01-28 02:40:12 [main] INFO  d.ait.patientcare.service.PatientService - Creating new patient: Anna Smith
2026-01-28 02:40:13 [main] INFO  d.ait.patientcare.service.PatientService - Patient created successfully with ID: 13
2026-01-28 02:40:13 [SpringApplicationShutdownHook] INFO  o.s.o.j.LocalContainerEntityManagerFactoryBean - Closing JPA EntityManagerFactory for persistence unit 'default'
2026-01-28 02:40:13 [SpringApplicationShutdownHook] INFO  com.zaxxer.hikari.HikariDataSource - HikariPool-1 - Shutdown initiated...
2026-01-28 02:40:13 [SpringApplicationShutdownHook] INFO  com.zaxxer.hikari.HikariDataSource - HikariPool-1 - Shutdown completed.
2026-01-28 03:01:29 [background-preinit] INFO  o.h.validator.internal.util.Version - HV000001: Hibernate Validator 8.0.1.Final
2026-01-28 03:01:29 [main] INFO  d.ait.patientcare.PatientCareApplication - Starting PatientCareApplication using Java 23.0.1 with PID 18972 (C:\Users\Asus\Documents\AIT\BackendPro\lessons\09_57-59_Startup_game\PatientCare\target\classes started by Asus in C:\Users\Asus\Documents\AIT\BackendPro\lessons\09_57-59_Startup_game\PatientCare)
2026-01-28 03:01:29 [main] DEBUG d.ait.patientcare.PatientCareApplication - Running with Spring Boot v3.2.2, Spring v6.1.3
2026-01-28 03:01:29 [main] INFO  d.ait.patientcare.PatientCareApplication - No active profile set, falling back to 1 default profile: "default"
2026-01-28 03:01:31 [main] INFO  o.s.d.r.c.RepositoryConfigurationDelegate - Bootstrapping Spring Data JPA repositories in DEFAULT mode.
2026-01-28 03:01:31 [main] INFO  o.s.d.r.c.RepositoryConfigurationDelegate - Finished Spring Data repository scanning in 80 ms. Found 1 JPA repository interface.
2026-01-28 03:01:32 [main] INFO  o.s.b.w.embedded.tomcat.TomcatWebServer - Tomcat initialized with port 8080 (http)
2026-01-28 03:01:32 [main] INFO  o.apache.coyote.http11.Http11NioProtocol - Initializing ProtocolHandler ["http-nio-8080"]
2026-01-28 03:01:32 [main] INFO  o.apache.catalina.core.StandardService - Starting service [Tomcat]
2026-01-28 03:01:32 [main] INFO  org.apache.catalina.core.StandardEngine - Starting Servlet engine: [Apache Tomcat/10.1.18]
2026-01-28 03:01:32 [main] INFO  o.a.c.c.C.[Tomcat].[localhost].[/] - Initializing Spring embedded WebApplicationContext
2026-01-28 03:01:32 [main] INFO  o.s.b.w.s.c.ServletWebServerApplicationContext - Root WebApplicationContext: initialization completed in 2515 ms
2026-01-28 03:01:32 [main] INFO  com.zaxxer.hikari.HikariDataSource - HikariPool-1 - Starting...
2026-01-28 03:01:32 [main] INFO  com.zaxxer.hikari.pool.HikariPool - HikariPool-1 - Added connection conn0: url=jdbc:h2:file:./data/patientcare user=SA
2026-01-28 03:01:32 [main] INFO  com.zaxxer.hikari.HikariDataSource - HikariPool-1 - Start completed.
2026-01-28 03:01:32 [main] INFO  o.s.b.a.h2.H2ConsoleAutoConfiguration - H2 console available at '/h2-console'. Database available at 'jdbc:h2:file:./data/patientcare'
2026-01-28 03:01:33 [main] INFO  liquibase.database - Set default schema name to PUBLIC
2026-01-28 03:01:34 [main] INFO  liquibase.changelog - Reading from PUBLIC.DATABASECHANGELOG
2026-01-28 03:01:34 [main] INFO  liquibase.changelog - Reading from PUBLIC.DATABASECHANGELOG
2026-01-28 03:01:34 [main] INFO  liquibase.util - UPDATE SUMMARY
2026-01-28 03:01:34 [main] INFO  liquibase.util - Run:                          0
2026-01-28 03:01:34 [main] INFO  liquibase.util - Previously run:               2
2026-01-28 03:01:34 [main] INFO  liquibase.util - Filtered out:                 1
2026-01-28 03:01:34 [main] INFO  liquibase.util - -------------------------------
2026-01-28 03:01:34 [main] INFO  liquibase.util - Total change sets:            3
2026-01-28 03:01:34 [main] INFO  liquibase.util - FILTERED CHANGE SETS SUMMARY
2026-01-28 03:01:34 [main] INFO  liquibase.util - Context mismatch:             1
2026-01-28 03:01:34 [main] INFO  liquibase.util - Update summary generated
2026-01-28 03:01:34 [main] INFO  liquibase.lockservice - Successfully released change log lock
2026-01-28 03:01:34 [main] INFO  liquibase.command - Command execution complete
2026-01-28 03:01:34 [main] INFO  o.hibernate.jpa.internal.util.LogHelper - HHH000204: Processing PersistenceUnitInfo [name: default]
2026-01-28 03:01:34 [main] INFO  org.hibernate.Version - HHH000412: Hibernate ORM core version 6.4.1.Final
2026-01-28 03:01:34 [main] INFO  o.h.c.internal.RegionFactoryInitiator - HHH000026: Second-level cache disabled
2026-01-28 03:01:34 [main] INFO  o.s.o.j.p.SpringPersistenceUnitInfo - No LoadTimeWeaver setup: ignoring JPA class transformer
2026-01-28 03:01:36 [main] INFO  o.h.e.t.j.p.i.JtaPlatformInitiator - HHH000489: No JTA platform available (set 'hibernate.transaction.jta.platform' to enable JTA platform integration)
2026-01-28 03:01:36 [main] INFO  o.s.o.j.LocalContainerEntityManagerFactoryBean - Initialized JPA EntityManagerFactory for persistence unit 'default'
2026-01-28 03:01:37 [main] INFO  o.s.d.j.r.query.QueryEnhancerFactory - Hibernate is in classpath; If applicable, HQL parser will be used.
2026-01-28 03:01:38 [main] WARN  o.s.b.a.o.j.JpaBaseConfiguration$JpaWebConfiguration - spring.jpa.open-in-view is enabled by default. Therefore, database queries may be performed during view rendering. Explicitly configure spring.jpa.open-in-view to disable this warning
2026-01-28 03:01:38 [main] INFO  o.apache.coyote.http11.Http11NioProtocol - Starting ProtocolHandler ["http-nio-8080"]
2026-01-28 03:01:38 [main] INFO  o.s.b.w.embedded.tomcat.TomcatWebServer - Tomcat started on port 8080 (http) with context path ''
2026-01-28 03:01:38 [main] INFO  d.ait.patientcare.PatientCareApplication - Started PatientCareApplication in 10.344 seconds (process running for 11.982)
